Determining if the pthread_create exist failed with the following output:
Change Dir: /home/vijay/Girish/Games/Tetris-SDL-game-master/build/CMakeFiles/CMakeTmp

Run Build Command:"/usr/bin/make" "cmTC_fc987/fast"
/usr/bin/make -f CMakeFiles/cmTC_fc987.dir/build.make CMakeFiles/cmTC_fc987.dir/build
make[1]: Entering directory '/home/vijay/Girish/Games/Tetris-SDL-game-master/build/CMakeFiles/CMakeTmp'
Building C object CMakeFiles/cmTC_fc987.dir/CheckSymbolExists.c.o
/usr/bin/cc     -o CMakeFiles/cmTC_fc987.dir/CheckSymbolExists.c.o   -c /home/vijay/Girish/Games/Tetris-SDL-game-master/build/CMakeFiles/CMakeTmp/CheckSymbolExists.c
Linking C executable cmTC_fc987
/usr/bin/cmake -E cmake_link_script CMakeFiles/cmTC_fc987.dir/link.txt --verbose=1
/usr/bin/cc       CMakeFiles/cmTC_fc987.dir/CheckSymbolExists.c.o  -o cmTC_fc987 -rdynamic 
CMakeFiles/cmTC_fc987.dir/CheckSymbolExists.c.o: In function `main':
CheckSymbolExists.c:(.text+0x16): undefined reference to `pthread_create'
collect2: error: ld returned 1 exit status
CMakeFiles/cmTC_fc987.dir/build.make:97: recipe for target 'cmTC_fc987' failed
make[1]: *** [cmTC_fc987] Error 1
make[1]: Leaving directory '/home/vijay/Girish/Games/Tetris-SDL-game-master/build/CMakeFiles/CMakeTmp'
Makefile:126: recipe for target 'cmTC_fc987/fast' failed
make: *** [cmTC_fc987/fast] Error 2

File /home/vijay/Girish/Games/Tetris-SDL-game-master/build/CMakeFiles/CMakeTmp/CheckSymbolExists.c:
/* */
#include <pthread.h>

int main(int argc, char** argv)
{
  (void)argv;
#ifndef pthread_create
  return ((int*)(&pthread_create))[argc];
#else
  (void)argc;
  return 0;
#endif
}

Determining if the function pthread_create exists in the pthreads failed with the following output:
Change Dir: /home/vijay/Girish/Games/Tetris-SDL-game-master/build/CMakeFiles/CMakeTmp

Run Build Command:"/usr/bin/make" "cmTC_2c07a/fast"
/usr/bin/make -f CMakeFiles/cmTC_2c07a.dir/build.make CMakeFiles/cmTC_2c07a.dir/build
make[1]: Entering directory '/home/vijay/Girish/Games/Tetris-SDL-game-master/build/CMakeFiles/CMakeTmp'
Building C object CMakeFiles/cmTC_2c07a.dir/CheckFunctionExists.c.o
/usr/bin/cc    -DCHECK_FUNCTION_EXISTS=pthread_create   -o CMakeFiles/cmTC_2c07a.dir/CheckFunctionExists.c.o   -c /usr/share/cmake-3.5/Modules/CheckFunctionExists.c
Linking C executable cmTC_2c07a
/usr/bin/cmake -E cmake_link_script CMakeFiles/cmTC_2c07a.dir/link.txt --verbose=1
/usr/bin/cc   -DCHECK_FUNCTION_EXISTS=pthread_create    CMakeFiles/cmTC_2c07a.dir/CheckFunctionExists.c.o  -o cmTC_2c07a -rdynamic -lpthreads 
/usr/bin/ld: cannot find -lpthreads
collect2: error: ld returned 1 exit status
CMakeFiles/cmTC_2c07a.dir/build.make:97: recipe for target 'cmTC_2c07a' failed
make[1]: *** [cmTC_2c07a] Error 1
make[1]: Leaving directory '/home/vijay/Girish/Games/Tetris-SDL-game-master/build/CMakeFiles/CMakeTmp'
Makefile:126: recipe for target 'cmTC_2c07a/fast' failed
make: *** [cmTC_2c07a/fast] Error 2


